{"level":30,"time":1697915715580,"pid":15013,"hostname":"Bilals-MacBook.local","msg":"Server listening at http://[::1]:3000"}
{"level":30,"time":1697915715581,"pid":15013,"hostname":"Bilals-MacBook.local","msg":"Server listening at http://127.0.0.1:3000"}
{"level":30,"time":1697915718119,"pid":15013,"hostname":"Bilals-MacBook.local","reqId":"req-1","req":{"method":"GET","url":"/test","hostname":"localhost:3000","remoteAddress":"::1","remotePort":52654},"msg":"incoming request"}
{"level":30,"time":1697915718125,"pid":15013,"hostname":"Bilals-MacBook.local","reqId":"req-1","res":{"statusCode":200},"responseTime":5.4983749985694885,"msg":"request completed"}
{"level":30,"time":1697915803077,"pid":15071,"hostname":"Bilals-MacBook.local","msg":"Server listening at http://[::1]:3000"}
{"level":30,"time":1697915803077,"pid":15071,"hostname":"Bilals-MacBook.local","msg":"Server listening at http://127.0.0.1:3000"}
{"level":30,"time":1697915806781,"pid":15071,"hostname":"Bilals-MacBook.local","reqId":"req-1","req":{"method":"GET","url":"/test","hostname":"localhost:3000","remoteAddress":"::1","remotePort":52661},"msg":"incoming request"}
{"level":50,"time":1697915806785,"pid":15071,"hostname":"Bilals-MacBook.local","reqId":"req-1","req":{"method":"GET","url":"/test","hostname":"localhost:3000","remoteAddress":"::1","remotePort":52661},"res":{"statusCode":500},"err":{"type":"TypeError","message":"validate is not a function","stack":"TypeError: validate is not a function\n    at Object.<anonymous> (file:///Users/bilali/Desktop/Development/shopping-microservice/services/auth/routes/index.js:8:21)\n    at preHandlerCallback (/Users/bilali/Desktop/Development/shopping-microservice/services/auth/node_modules/fastify/lib/handleRequest.js:137:37)\n    at validationCompleted (/Users/bilali/Desktop/Development/shopping-microservice/services/auth/node_modules/fastify/lib/handleRequest.js:121:5)\n    at preValidationCallback (/Users/bilali/Desktop/Development/shopping-microservice/services/auth/node_modules/fastify/lib/handleRequest.js:98:5)\n    at handler (/Users/bilali/Desktop/Development/shopping-microservice/services/auth/node_modules/fastify/lib/handleRequest.js:75:7)\n    at handleRequest (/Users/bilali/Desktop/Development/shopping-microservice/services/auth/node_modules/fastify/lib/handleRequest.js:24:5)\n    at runPreParsing (/Users/bilali/Desktop/Development/shopping-microservice/services/auth/node_modules/fastify/lib/route.js:589:5)\n    at Object.routeHandler [as handler] (/Users/bilali/Desktop/Development/shopping-microservice/services/auth/node_modules/fastify/lib/route.js:510:7)\n    at Router.callHandler (/Users/bilali/Desktop/Development/shopping-microservice/services/auth/node_modules/find-my-way/index.js:548:14)\n    at Router.lookup (/Users/bilali/Desktop/Development/shopping-microservice/services/auth/node_modules/find-my-way/index.js:526:17)"},"msg":"validate is not a function"}
{"level":30,"time":1697915806791,"pid":15071,"hostname":"Bilals-MacBook.local","reqId":"req-1","res":{"statusCode":500},"responseTime":9.121040999889374,"msg":"request completed"}
{"level":30,"time":1697916087272,"pid":15204,"hostname":"Bilals-MacBook.local","msg":"Server listening at http://[::1]:3000"}
{"level":30,"time":1697916087272,"pid":15204,"hostname":"Bilals-MacBook.local","msg":"Server listening at http://127.0.0.1:3000"}
{"level":30,"time":1697916090051,"pid":15204,"hostname":"Bilals-MacBook.local","reqId":"req-1","req":{"method":"GET","url":"/test","hostname":"localhost:3000","remoteAddress":"::1","remotePort":52695},"msg":"incoming request"}
{"level":50,"time":1697916090053,"pid":15204,"hostname":"Bilals-MacBook.local","reqId":"req-1","req":{"method":"GET","url":"/test","hostname":"localhost:3000","remoteAddress":"::1","remotePort":52695},"res":{"statusCode":500},"err":{"type":"TypeError","message":"validate is not a function","stack":"TypeError: validate is not a function\n    at Object.<anonymous> (file:///Users/bilali/Desktop/Development/shopping-microservice/services/auth/routes/index.js:7:21)\n    at preHandlerCallback (/Users/bilali/Desktop/Development/shopping-microservice/services/auth/node_modules/fastify/lib/handleRequest.js:137:37)\n    at validationCompleted (/Users/bilali/Desktop/Development/shopping-microservice/services/auth/node_modules/fastify/lib/handleRequest.js:121:5)\n    at preValidationCallback (/Users/bilali/Desktop/Development/shopping-microservice/services/auth/node_modules/fastify/lib/handleRequest.js:98:5)\n    at handler (/Users/bilali/Desktop/Development/shopping-microservice/services/auth/node_modules/fastify/lib/handleRequest.js:75:7)\n    at handleRequest (/Users/bilali/Desktop/Development/shopping-microservice/services/auth/node_modules/fastify/lib/handleRequest.js:24:5)\n    at runPreParsing (/Users/bilali/Desktop/Development/shopping-microservice/services/auth/node_modules/fastify/lib/route.js:589:5)\n    at Object.routeHandler [as handler] (/Users/bilali/Desktop/Development/shopping-microservice/services/auth/node_modules/fastify/lib/route.js:510:7)\n    at Router.callHandler (/Users/bilali/Desktop/Development/shopping-microservice/services/auth/node_modules/find-my-way/index.js:548:14)\n    at Router.lookup (/Users/bilali/Desktop/Development/shopping-microservice/services/auth/node_modules/find-my-way/index.js:526:17)"},"msg":"validate is not a function"}
{"level":30,"time":1697916090060,"pid":15204,"hostname":"Bilals-MacBook.local","reqId":"req-1","res":{"statusCode":500},"responseTime":8.753624998033047,"msg":"request completed"}
{"level":30,"time":1697916094088,"pid":15204,"hostname":"Bilals-MacBook.local","reqId":"req-2","req":{"method":"GET","url":"/test2","hostname":"localhost:3000","remoteAddress":"::1","remotePort":52695},"msg":"incoming request"}
{"level":30,"time":1697916094089,"pid":15204,"hostname":"Bilals-MacBook.local","reqId":"req-2","res":{"statusCode":200},"responseTime":1.5057500004768372,"msg":"request completed"}
{"level":30,"time":1697916108443,"pid":15236,"hostname":"Bilals-MacBook.local","msg":"Server listening at http://[::1]:3000"}
{"level":30,"time":1697916108443,"pid":15236,"hostname":"Bilals-MacBook.local","msg":"Server listening at http://127.0.0.1:3000"}
{"level":30,"time":1697916110668,"pid":15236,"hostname":"Bilals-MacBook.local","reqId":"req-1","req":{"method":"GET","url":"/test2","hostname":"localhost:3000","remoteAddress":"::1","remotePort":52701},"msg":"incoming request"}
{"level":50,"time":1697916110669,"pid":15236,"hostname":"Bilals-MacBook.local","reqId":"req-1","req":{"method":"GET","url":"/test2","hostname":"localhost:3000","remoteAddress":"::1","remotePort":52701},"res":{"statusCode":500},"err":{"type":"TypeError","message":"validate is not a function","stack":"TypeError: validate is not a function\n    at Object.handler (file:///Users/bilali/Desktop/Development/shopping-microservice/services/auth/routes/index.js:32:25)\n    at preHandlerCallback (/Users/bilali/Desktop/Development/shopping-microservice/services/auth/node_modules/fastify/lib/handleRequest.js:137:37)\n    at validationCompleted (/Users/bilali/Desktop/Development/shopping-microservice/services/auth/node_modules/fastify/lib/handleRequest.js:121:5)\n    at preValidationCallback (/Users/bilali/Desktop/Development/shopping-microservice/services/auth/node_modules/fastify/lib/handleRequest.js:98:5)\n    at handler (/Users/bilali/Desktop/Development/shopping-microservice/services/auth/node_modules/fastify/lib/handleRequest.js:75:7)\n    at handleRequest (/Users/bilali/Desktop/Development/shopping-microservice/services/auth/node_modules/fastify/lib/handleRequest.js:24:5)\n    at runPreParsing (/Users/bilali/Desktop/Development/shopping-microservice/services/auth/node_modules/fastify/lib/route.js:589:5)\n    at Object.routeHandler [as handler] (/Users/bilali/Desktop/Development/shopping-microservice/services/auth/node_modules/fastify/lib/route.js:510:7)\n    at Router.callHandler (/Users/bilali/Desktop/Development/shopping-microservice/services/auth/node_modules/find-my-way/index.js:548:14)\n    at Router.lookup (/Users/bilali/Desktop/Development/shopping-microservice/services/auth/node_modules/find-my-way/index.js:526:17)"},"msg":"validate is not a function"}
{"level":30,"time":1697916110673,"pid":15236,"hostname":"Bilals-MacBook.local","reqId":"req-1","res":{"statusCode":500},"responseTime":4.316209003329277,"msg":"request completed"}
{"level":30,"time":1697916188582,"pid":15294,"hostname":"Bilals-MacBook.local","msg":"Server listening at http://[::1]:3000"}
{"level":30,"time":1697916188582,"pid":15294,"hostname":"Bilals-MacBook.local","msg":"Server listening at http://127.0.0.1:3000"}
{"level":30,"time":1697916190903,"pid":15294,"hostname":"Bilals-MacBook.local","reqId":"req-1","req":{"method":"GET","url":"/test2","hostname":"localhost:3000","remoteAddress":"::1","remotePort":52709},"msg":"incoming request"}
{"level":30,"time":1697916190903,"pid":15294,"hostname":"Bilals-MacBook.local","reqId":"req-1","msg":"Route GET:/test2 not found"}
{"level":30,"time":1697916190905,"pid":15294,"hostname":"Bilals-MacBook.local","reqId":"req-1","res":{"statusCode":404},"responseTime":2.119957998394966,"msg":"request completed"}
{"level":30,"time":1697916193014,"pid":15294,"hostname":"Bilals-MacBook.local","reqId":"req-2","req":{"method":"GET","url":"/test","hostname":"localhost:3000","remoteAddress":"::1","remotePort":52709},"msg":"incoming request"}
{"level":30,"time":1697916193015,"pid":15294,"hostname":"Bilals-MacBook.local","reqId":"req-2","res":{"statusCode":200},"responseTime":0.7352920025587082,"msg":"request completed"}
{"level":30,"time":1697916233883,"pid":15339,"hostname":"Bilals-MacBook.local","msg":"Server listening at http://[::1]:3000"}
{"level":30,"time":1697916233884,"pid":15339,"hostname":"Bilals-MacBook.local","msg":"Server listening at http://127.0.0.1:3000"}
{"level":30,"time":1697916236058,"pid":15339,"hostname":"Bilals-MacBook.local","reqId":"req-1","req":{"method":"GET","url":"/test","hostname":"localhost:3000","remoteAddress":"::1","remotePort":52715},"msg":"incoming request"}
{"level":50,"time":1697916236059,"pid":15339,"hostname":"Bilals-MacBook.local","reqId":"req-1","req":{"method":"GET","url":"/test","hostname":"localhost:3000","remoteAddress":"::1","remotePort":52715},"res":{"statusCode":500},"err":{"type":"TypeError","message":"validate is not a function","stack":"TypeError: validate is not a function\n    at Object.handler (file:///Users/bilali/Desktop/Development/shopping-microservice/services/auth/routes/index.js:19:25)\n    at preHandlerCallback (/Users/bilali/Desktop/Development/shopping-microservice/services/auth/node_modules/fastify/lib/handleRequest.js:137:37)\n    at validationCompleted (/Users/bilali/Desktop/Development/shopping-microservice/services/auth/node_modules/fastify/lib/handleRequest.js:121:5)\n    at preValidationCallback (/Users/bilali/Desktop/Development/shopping-microservice/services/auth/node_modules/fastify/lib/handleRequest.js:98:5)\n    at handler (/Users/bilali/Desktop/Development/shopping-microservice/services/auth/node_modules/fastify/lib/handleRequest.js:75:7)\n    at handleRequest (/Users/bilali/Desktop/Development/shopping-microservice/services/auth/node_modules/fastify/lib/handleRequest.js:24:5)\n    at runPreParsing (/Users/bilali/Desktop/Development/shopping-microservice/services/auth/node_modules/fastify/lib/route.js:589:5)\n    at Object.routeHandler [as handler] (/Users/bilali/Desktop/Development/shopping-microservice/services/auth/node_modules/fastify/lib/route.js:510:7)\n    at Router.callHandler (/Users/bilali/Desktop/Development/shopping-microservice/services/auth/node_modules/find-my-way/index.js:548:14)\n    at Router.lookup (/Users/bilali/Desktop/Development/shopping-microservice/services/auth/node_modules/find-my-way/index.js:526:17)"},"msg":"validate is not a function"}
{"level":30,"time":1697916236064,"pid":15339,"hostname":"Bilals-MacBook.local","reqId":"req-1","res":{"statusCode":500},"responseTime":5.698666997253895,"msg":"request completed"}
{"level":30,"time":1697916253737,"pid":15368,"hostname":"Bilals-MacBook.local","msg":"Server listening at http://[::1]:3000"}
{"level":30,"time":1697916253738,"pid":15368,"hostname":"Bilals-MacBook.local","msg":"Server listening at http://127.0.0.1:3000"}
{"level":30,"time":1697916255803,"pid":15368,"hostname":"Bilals-MacBook.local","reqId":"req-1","req":{"method":"GET","url":"/test","hostname":"localhost:3000","remoteAddress":"::1","remotePort":52720},"msg":"incoming request"}
{"level":30,"time":1697916255809,"pid":15368,"hostname":"Bilals-MacBook.local","reqId":"req-1","res":{"statusCode":200},"responseTime":5.708125002682209,"msg":"request completed"}
{"level":30,"time":1697916265731,"pid":15368,"hostname":"Bilals-MacBook.local","reqId":"req-2","req":{"method":"GET","url":"/test","hostname":"localhost:3000","remoteAddress":"::1","remotePort":52720},"msg":"incoming request"}
{"level":30,"time":1697916265733,"pid":15368,"hostname":"Bilals-MacBook.local","reqId":"req-2","res":{"statusCode":200},"responseTime":1.3220830038189888,"msg":"request completed"}
{"level":30,"time":1697916274696,"pid":15400,"hostname":"Bilals-MacBook.local","msg":"Server listening at http://[::1]:3000"}
{"level":30,"time":1697916274696,"pid":15400,"hostname":"Bilals-MacBook.local","msg":"Server listening at http://127.0.0.1:3000"}
{"level":50,"time":1697948018864,"pid":15721,"hostname":"Bilals-MacBook.local","msg":"Error:"}
{"level":50,"time":1697948027015,"pid":15745,"hostname":"Bilals-MacBook.local","msg":"Error:"}
{"level":50,"time":1697948057244,"pid":15781,"hostname":"Bilals-MacBook.local","msg":"Error:"}
{"level":50,"time":1697948082828,"pid":15819,"hostname":"Bilals-MacBook.local","msg":"Error:"}
{"level":30,"time":1697948088165,"pid":15862,"hostname":"Bilals-MacBook.local","msg":"Server listening at http://[::1]:3000"}
{"level":30,"time":1697948088165,"pid":15862,"hostname":"Bilals-MacBook.local","msg":"Server listening at http://127.0.0.1:3000"}
